<?xml version="1.0" encoding="UTF-8"?>
<!-- Generated by org.testng.reporters.JUnitXMLReporter -->
<testsuite ignored="0" hostname="DESKTOP-IUGF0FI" failures="0" tests="3" name="Default test" time="51.453" errors="0" timestamp="2022-09-25T23:22:46 IST">
  <testcase classname="TestLayer.LoginPageTest" name="browserInitilization" time="41.984"/>
  <testcase classname="TestLayer.LoginPageTest" name="login" time="0.363"/>
  <testcase classname="TestLayer.LoginPageTest" name="credential" time="8.975"/>
</testsuite> <!-- Default test -->
