<?xml version="1.0" encoding="UTF-8"?>
<testng-results ignored="0" total="3" passed="3" failed="0" skipped="0">
  <reporter-output>
  </reporter-output>
  <suite started-at="2022-09-25T23:21:55 IST" name="Default suite" finished-at="2022-09-25T23:22:46 IST" duration-ms="51453">
    <groups>
      <group name="login">
        <method signature="LoginPageTest.browserInitilization()[pri:0, instance:TestLayer.LoginPageTest@5fbdfdcf]" name="browserInitilization" class="TestLayer.LoginPageTest"/>
        <method signature="LoginPageTest.credential()[pri:3, instance:TestLayer.LoginPageTest@5fbdfdcf]" name="credential" class="TestLayer.LoginPageTest"/>
        <method signature="LoginPageTest.login()[pri:2, instance:TestLayer.LoginPageTest@5fbdfdcf]" name="login" class="TestLayer.LoginPageTest"/>
      </group> <!-- login -->
    </groups>
    <test started-at="2022-09-25T23:21:55 IST" name="Default test" finished-at="2022-09-25T23:22:46 IST" duration-ms="51453">
      <class name="TestLayer.LoginPageTest">
        <test-method signature="browserInitilization()[pri:0, instance:TestLayer.LoginPageTest@5fbdfdcf]" started-at="2022-09-25T23:21:55 IST" name="browserInitilization" finished-at="2022-09-25T23:22:37 IST" duration-ms="41984" status="PASS">
          <reporter-output>
          </reporter-output>
        </test-method> <!-- browserInitilization -->
        <test-method signature="login()[pri:2, instance:TestLayer.LoginPageTest@5fbdfdcf]" started-at="2022-09-25T23:22:37 IST" name="login" finished-at="2022-09-25T23:22:37 IST" duration-ms="363" status="PASS">
          <reporter-output>
          </reporter-output>
        </test-method> <!-- login -->
        <test-method signature="credential()[pri:3, instance:TestLayer.LoginPageTest@5fbdfdcf]" started-at="2022-09-25T23:22:37 IST" name="credential" finished-at="2022-09-25T23:22:46 IST" duration-ms="8975" status="PASS">
          <reporter-output>
          </reporter-output>
        </test-method> <!-- credential -->
      </class> <!-- TestLayer.LoginPageTest -->
    </test> <!-- Default test -->
  </suite> <!-- Default suite -->
</testng-results>
