<?xml version="1.0" encoding="UTF-8"?>
<testng-results ignored="0" total="1" passed="1" failed="0" skipped="0">
  <reporter-output>
  </reporter-output>
  <suite started-at="2022-09-27T21:06:02 IST" name="Default suite" finished-at="2022-09-27T21:06:02 IST" duration-ms="123">
    <groups>
    </groups>
    <test started-at="2022-09-27T21:06:02 IST" name="Default test" finished-at="2022-09-27T21:06:02 IST" duration-ms="123">
      <class name="TestNg.demo1">
        <test-method signature="abc()[pri:0, instance:TestNg.demo1@78123e82]" started-at="2022-09-27T21:06:02 IST" name="abc" finished-at="2022-09-27T21:06:02 IST" duration-ms="19" status="PASS">
          <reporter-output>
          </reporter-output>
        </test-method> <!-- abc -->
      </class> <!-- TestNg.demo1 -->
    </test> <!-- Default test -->
  </suite> <!-- Default suite -->
</testng-results>
